Build started 2017-01-18 20:47:43.
     1>Project "C:\Users\Sebastian\Dropbox\Sebastian\31. DVA336 Parallella system\Project Part 2\cuda_project\cuda_project\cuda_project.vcxproj" on node 2 (Build target(s)).
     1>AddCudaCompileDeps:
         C:\Program Files (x86)\Microsoft Visual Studio 11.0\VC\bin\cl.exe /E /nologo /showIncludes /TP /D__CUDACC__ /DWIN32 /D_DEBUG /D_CONSOLE /D_MBCS /I"C:\Program Files\NVIDIA GPU Computing Toolkit\CUDA\v7.5\include" /I"C:\Program Files\NVIDIA GPU Computing Toolkit\CUDA\v7.5\bin" /I"C:\Program Files\NVIDIA GPU Computing Toolkit\CUDA\v7.5\include" /I. /FIcuda_runtime.h /c "C:\Users\Sebastian\Dropbox\Sebastian\31. DVA336 Parallella system\Project Part 2\cuda_project\cuda_project\kernel.cu" 
       CudaBuild:
         Compiling CUDA source file kernel.cu...
         cmd.exe /C "C:\Users\Sebastian\AppData\Local\Temp\tmp34e0c8fd098f4a11af2161f59a1916b4.cmd"
         "C:\Program Files\NVIDIA GPU Computing Toolkit\CUDA\v7.5\bin\nvcc.exe" -gencode=arch=compute_20,code=\"sm_20,compute_20\" --use-local-env --cl-version 2012 -ccbin "C:\Program Files (x86)\Microsoft Visual Studio 11.0\VC\bin"  -I"C:\Program Files\NVIDIA GPU Computing Toolkit\CUDA\v7.5\include" -I"C:\Program Files\NVIDIA GPU Computing Toolkit\CUDA\v7.5\include"  -G   --keep-dir Debug -maxrregcount=0  --machine 32 --compile -cudart static  -g   -DWIN32 -D_DEBUG -D_CONSOLE -D_MBCS -Xcompiler "/EHsc /W3 /nologo /Od /Zi /RTC1 /MDd " -o Debug\kernel.cu.obj "C:\Users\Sebastian\Dropbox\Sebastian\31. DVA336 Parallella system\Project Part 2\cuda_project\cuda_project\kernel.cu"
         
         C:\Users\Sebastian\Dropbox\Sebastian\31. DVA336 Parallella system\Project Part 2\cuda_project\cuda_project>"C:\Program Files\NVIDIA GPU Computing Toolkit\CUDA\v7.5\bin\nvcc.exe" -gencode=arch=compute_20,code=\"sm_20,compute_20\" --use-local-env --cl-version 2012 -ccbin "C:\Program Files (x86)\Microsoft Visual Studio 11.0\VC\bin"  -I"C:\Program Files\NVIDIA GPU Computing Toolkit\CUDA\v7.5\include" -I"C:\Program Files\NVIDIA GPU Computing Toolkit\CUDA\v7.5\include"  -G   --keep-dir Debug -maxrregcount=0  --machine 32 --compile -cudart static  -g   -DWIN32 -D_DEBUG -D_CONSOLE -D_MBCS -Xcompiler "/EHsc /W3 /nologo /Od /Zi /RTC1 /MDd " -o Debug\kernel.cu.obj "C:\Users\Sebastian\Dropbox\Sebastian\31. DVA336 Parallella system\Project Part 2\cuda_project\cuda_project\kernel.cu" 
     1>C:/Users/Sebastian/Dropbox/Sebastian/31. DVA336 Parallella system/Project Part 2/cuda_project/cuda_project/kernel.cu(11): warning : variable "total" was declared but never referenced
     1>C:/Users/Sebastian/Dropbox/Sebastian/31. DVA336 Parallella system/Project Part 2/cuda_project/cuda_project/kernel.cu(11): warning : variable "total" was declared but never referenced
         kernel.cu
       ClCompile:
         C:\Program Files (x86)\Microsoft Visual Studio 11.0\VC\bin\CL.exe /c /I"C:\Program Files\NVIDIA GPU Computing Toolkit\CUDA\v7.5\include" /ZI /nologo /W3 /WX- /Od /Oy- /D WIN32 /D _DEBUG /D _CONSOLE /D _MBCS /Gm /EHsc /RTC1 /MDd /GS /fp:precise /Zc:wchar_t /Zc:forScope /Fo"Debug\\" /Fd"Debug\vc110.pdb" /Gd /TP /analyze- /errorReport:prompt image_manipulation.cpp main.cpp seq_filter.cpp
         main.cpp
         Generating Code...
         Compiling...
         seq_filter.cpp
         image_manipulation.cpp
     1>c:\users\sebastian\dropbox\sebastian\31. dva336 parallella system\project part 2\cuda_project\cuda_project\image_manipulation.cpp(8): warning C4996: 'fopen': This function or variable may be unsafe. Consider using fopen_s instead. To disable deprecation, use _CRT_SECURE_NO_WARNINGS. See online help for details.
                 c:\program files (x86)\microsoft visual studio 11.0\vc\include\stdio.h(218) : see declaration of 'fopen'
     1>c:\users\sebastian\dropbox\sebastian\31. dva336 parallella system\project part 2\cuda_project\cuda_project\image_manipulation.cpp(48): warning C4996: 'fopen': This function or variable may be unsafe. Consider using fopen_s instead. To disable deprecation, use _CRT_SECURE_NO_WARNINGS. See online help for details.
                 c:\program files (x86)\microsoft visual studio 11.0\vc\include\stdio.h(218) : see declaration of 'fopen'
     1>c:\users\sebastian\dropbox\sebastian\31. dva336 parallella system\project part 2\cuda_project\cuda_project\image_manipulation.cpp(58): warning C4996: 'fopen': This function or variable may be unsafe. Consider using fopen_s instead. To disable deprecation, use _CRT_SECURE_NO_WARNINGS. See online help for details.
                 c:\program files (x86)\microsoft visual studio 11.0\vc\include\stdio.h(218) : see declaration of 'fopen'
         Generating Code...
     1>c:\users\sebastian\dropbox\sebastian\31. dva336 parallella system\project part 2\cuda_project\cuda_project\image_manipulation.cpp(11): warning C4700: uninitialized local variable 'returnImage' used
       Link:
         C:\Program Files (x86)\Microsoft Visual Studio 11.0\VC\bin\link.exe /ERRORREPORT:PROMPT /OUT:"C:\Users\Sebastian\Dropbox\Sebastian\31. DVA336 Parallella system\Project Part 2\cuda_project\Debug\cuda_project.exe" /INCREMENTAL /NOLOGO /LIBPATH:"C:\Program Files\NVIDIA GPU Computing Toolkit\CUDA\v7.5\lib\Win32" cudart.lib kernel32.lib user32.lib gdi32.lib winspool.lib comdlg32.lib advapi32.lib shell32.lib ole32.lib oleaut32.lib uuid.lib odbc32.lib odbccp32.lib kernel32.lib user32.lib gdi32.lib winspool.lib comdlg32.lib advapi32.lib shell32.lib ole32.lib oleaut32.lib uuid.lib odbc32.lib odbccp32.lib /MANIFEST /MANIFESTUAC:"level='asInvoker' uiAccess='false'" /manifest:embed /DEBUG /PDB:"C:\Users\Sebastian\Dropbox\Sebastian\31. DVA336 Parallella system\Project Part 2\cuda_project\Debug\cuda_project.pdb" /SUBSYSTEM:CONSOLE /TLBID:1 /DYNAMICBASE /NXCOMPAT /IMPLIB:"C:\Users\Sebastian\Dropbox\Sebastian\31. DVA336 Parallella system\Project Part 2\cuda_project\Debug\cuda_project.lib" /MACHINE:X86 Debug\kernel.cu.obj
         Debug\image_manipulation.obj
         Debug\main.obj
         Debug\seq_filter.obj
         cuda_project.vcxproj -> C:\Users\Sebastian\Dropbox\Sebastian\31. DVA336 Parallella system\Project Part 2\cuda_project\Debug\cuda_project.exe
       PostBuildEvent:
         echo copy "C:\Program Files\NVIDIA GPU Computing Toolkit\CUDA\v7.5\bin\cudart*.dll" "C:\Users\Sebastian\Dropbox\Sebastian\31. DVA336 Parallella system\Project Part 2\cuda_project\Debug\"
         copy "C:\Program Files\NVIDIA GPU Computing Toolkit\CUDA\v7.5\bin\cudart*.dll" "C:\Users\Sebastian\Dropbox\Sebastian\31. DVA336 Parallella system\Project Part 2\cuda_project\Debug\"
         :VCEnd
         copy "C:\Program Files\NVIDIA GPU Computing Toolkit\CUDA\v7.5\bin\cudart*.dll" "C:\Users\Sebastian\Dropbox\Sebastian\31. DVA336 Parallella system\Project Part 2\cuda_project\Debug\"
         C:\Program Files\NVIDIA GPU Computing Toolkit\CUDA\v7.5\bin\cudart32_75.dll
         C:\Program Files\NVIDIA GPU Computing Toolkit\CUDA\v7.5\bin\cudart64_75.dll
                 2 file(s) copied.
     1>Done Building Project "C:\Users\Sebastian\Dropbox\Sebastian\31. DVA336 Parallella system\Project Part 2\cuda_project\cuda_project\cuda_project.vcxproj" (Build target(s)).

Build succeeded.

Time Elapsed 00:00:07.67
